[INFO] Scanning for projects...
[INFO] Inspecting build with total of 1 modules
[INFO] Installing Central Publishing features
[INFO] 
[INFO] ----------------------< de.cuioss:cui-java-tools >----------------------
[INFO] Building cui java tools 2.5-SNAPSHOT
[INFO]   from pom.xml
[INFO] --------------------------------[ jar ]---------------------------------
[INFO] 
[INFO] >>> rewrite:6.12.0:run (default-cli) > process-test-classes @ cui-java-tools >>>
[INFO] 
[INFO] --- enforcer:3.5.0:enforce (mojo-enforcer-rules) @ cui-java-tools ---
[INFO] Rule 0: org.apache.maven.enforcer.rules.RequirePluginVersions passed
[INFO] Rule 1: org.apache.maven.enforcer.rules.version.RequireMavenVersion passed
[INFO] Rule 2: org.apache.maven.enforcer.rules.version.RequireJavaVersion passed
[INFO] Rule 3: org.codehaus.mojo.extraenforcer.model.RequirePropertyDiverges passed
[INFO] Rule 4: org.codehaus.mojo.extraenforcer.model.RequirePropertyDiverges passed
[INFO] Rule 5: org.apache.maven.enforcer.rules.RequireSameVersions passed
[INFO] 
[INFO] --- resources:3.3.1:resources (default-resources) @ cui-java-tools ---
[INFO] skip non existing resourceDirectory /Users/oliver/git/cui-java-tools/src/main/resources
[INFO] 
[INFO] --- compiler:3.14.0:compile (default-compile) @ cui-java-tools ---
[INFO] Recompiling the module because of changed source code.
[INFO] Compiling 95 source files with javac [debug release 21 module-path] to target/classes
[INFO] JDK-8318913 workaround: patched module-info.class requires version from [21.0.7] to [21] on 4 JDK modules [java.base, java.desktop, java.logging, java.net.http]
[INFO] 
[INFO] --- resources:3.3.1:testResources (default-testResources) @ cui-java-tools ---
[INFO] Copying 5 resources from src/test/resources to target/test-classes
[INFO] 
[INFO] --- compiler:3.14.0:testCompile (default-testCompile) @ cui-java-tools ---
[INFO] Recompiling the module because of changed dependency.
[INFO] Compiling 104 source files with javac [debug release 21 module-path] to target/test-classes
[WARNING] /Users/oliver/git/cui-java-tools/src/test/java/de/cuioss/tools/property/PropertyUtilTest.java:[50,23] writeProperty(java.lang.Object,java.lang.String,java.lang.Object) in de.cuioss.tools.property.PropertyUtil ist veraltet und wurde zum Entfernen markiert
[WARNING] /Users/oliver/git/cui-java-tools/src/test/java/de/cuioss/tools/property/PropertyUtilTest.java:[54,23] writeProperty(java.lang.Object,java.lang.String,java.lang.Object) in de.cuioss.tools.property.PropertyUtil ist veraltet und wurde zum Entfernen markiert
[WARNING] /Users/oliver/git/cui-java-tools/src/test/java/de/cuioss/tools/property/PropertyUtilTest.java:[57,23] writeProperty(java.lang.Object,java.lang.String,java.lang.Object) in de.cuioss.tools.property.PropertyUtil ist veraltet und wurde zum Entfernen markiert
[WARNING] /Users/oliver/git/cui-java-tools/src/test/java/de/cuioss/tools/property/PropertyUtilTest.java:[68,23] writeProperty(java.lang.Object,java.lang.String,java.lang.Object) in de.cuioss.tools.property.PropertyUtil ist veraltet und wurde zum Entfernen markiert
[WARNING] /Users/oliver/git/cui-java-tools/src/test/java/de/cuioss/tools/property/PropertyUtilTest.java:[71,23] writeProperty(java.lang.Object,java.lang.String,java.lang.Object) in de.cuioss.tools.property.PropertyUtil ist veraltet und wurde zum Entfernen markiert
[WARNING] /Users/oliver/git/cui-java-tools/src/test/java/de/cuioss/tools/property/PropertyUtilTest.java:[76,17] writeProperty(java.lang.Object,java.lang.String,java.lang.Object) in de.cuioss.tools.property.PropertyUtil ist veraltet und wurde zum Entfernen markiert
[WARNING] /Users/oliver/git/cui-java-tools/src/test/java/de/cuioss/tools/property/PropertyUtilTest.java:[87,23] writeProperty(java.lang.Object,java.lang.String,java.lang.Object) in de.cuioss.tools.property.PropertyUtil ist veraltet und wurde zum Entfernen markiert
[WARNING] /Users/oliver/git/cui-java-tools/src/test/java/de/cuioss/tools/property/PropertyUtilTest.java:[88,23] writeProperty(java.lang.Object,java.lang.String,java.lang.Object) in de.cuioss.tools.property.PropertyUtil ist veraltet und wurde zum Entfernen markiert
[WARNING] /Users/oliver/git/cui-java-tools/src/test/java/de/cuioss/tools/property/PropertyUtilTest.java:[101,17] writeProperty(java.lang.Object,java.lang.String,java.lang.Object) in de.cuioss.tools.property.PropertyUtil ist veraltet und wurde zum Entfernen markiert
[WARNING] /Users/oliver/git/cui-java-tools/src/test/java/de/cuioss/tools/property/PropertyUtilTest.java:[103,17] writeProperty(java.lang.Object,java.lang.String,java.lang.Object) in de.cuioss.tools.property.PropertyUtil ist veraltet und wurde zum Entfernen markiert
[WARNING] /Users/oliver/git/cui-java-tools/src/test/java/de/cuioss/tools/property/PropertyUtilTest.java:[114,17] writeProperty(java.lang.Object,java.lang.String,java.lang.Object) in de.cuioss.tools.property.PropertyUtil ist veraltet und wurde zum Entfernen markiert
[WARNING] /Users/oliver/git/cui-java-tools/src/test/java/de/cuioss/tools/property/PropertyUtilTest.java:[125,9] writeProperty(java.lang.Object,java.lang.String,java.lang.Object) in de.cuioss.tools.property.PropertyUtil ist veraltet und wurde zum Entfernen markiert
[INFO] 
[INFO] <<< rewrite:6.12.0:run (default-cli) < process-test-classes @ cui-java-tools <<<
[INFO] 
[INFO] 
[INFO] --- rewrite:6.12.0:run (default-cli) @ cui-java-tools ---
[INFO] Using active recipe(s) []
[INFO] Using active styles(s) []
[INFO] ------------------------------------------------------------------------
[INFO] BUILD SUCCESS
[INFO] ------------------------------------------------------------------------
[INFO] Total time:  6.568 s
[INFO] Finished at: 2025-09-03T09:00:28+02:00
[INFO] ------------------------------------------------------------------------
